<?xml version="1.0" encoding="UTF-8"?>
<!-- Generated by org.testng.reporters.JUnitReportReporter -->
<testsuite hostname="Swathi-PC" name="TestScenarios.ParallelTestA" tests="2" failures="0" timestamp="11 Jul 2017 08:54:54 GMT" time="18.612" errors="0">
  <testcase name="testGooglePageTitleInFirefox" time="2.699" classname="TestScenarios.ParallelTestA"/>
  <testcase name="testGooglePageTitleInFirefox" time="15.913" classname="TestScenarios.ParallelTestA"/>
</testsuite> <!-- TestScenarios.ParallelTestA -->
