<?xml version="1.0" encoding="UTF-8"?>
<!-- Generated by org.testng.reporters.JUnitReportReporter -->
<testsuite hostname="Swathi-PC" name="TestScenarios.HomeScreenTests" tests="3" failures="0" timestamp="14 Jun 2017 05:07:06 GMT" time="23.598" errors="0">
  <testcase name="CheckEnbuttonEnabled" time="1.180" classname="TestScenarios.HomeScreenTests"/>
  <testcase name="ValidateEndActivityNONOButtons" time="17.657" classname="TestScenarios.HomeScreenTests"/>
  <testcase name="ValidateEndActivityAgreeButton" time="4.761" classname="TestScenarios.HomeScreenTests"/>
</testsuite> <!-- TestScenarios.HomeScreenTests -->
