<?xml version="1.0" encoding="UTF-8"?>
<!-- Generated by org.testng.reporters.JUnitReportReporter -->
<testsuite hostname="Swathi-PC" name="CurbSideTests.BaseClass" tests="2" failures="0" timestamp="7 Jun 2017 04:51:50 GMT" time="7.661" errors="0">
  <testcase name="OpenApp2" time="0.010" classname="CurbSideTests.BaseClass"/>
  <testcase name="loginTest" time="7.651" classname="CurbSideTests.BaseClass"/>
</testsuite> <!-- CurbSideTests.BaseClass -->
