<?xml version="1.0" encoding="UTF-8"?>
<!-- Generated by org.testng.reporters.JUnitReportReporter -->
<testsuite hostname="Swathi-PC" name="BaseUtilClasses.BaseClass" tests="2" failures="0" timestamp="7 Jun 2017 06:06:15 GMT" time="0.931" errors="0">
  <testcase name="OpenApp2" time="0.010" classname="BaseUtilClasses.BaseClass"/>
  <testcase name="loginTest" time="0.921" classname="BaseUtilClasses.BaseClass"/>
</testsuite> <!-- BaseUtilClasses.BaseClass -->
