<?xml version="1.0" encoding="UTF-8"?>
<!-- Generated by org.testng.reporters.JUnitReportReporter -->
<testsuite hostname="Swathi-PC" name="TestScenarios.facebookAutomation" tests="1" failures="0" timestamp="11 Jun 2017 15:58:38 GMT" time="9.522" errors="0">
  <testcase name="fbRegistration" time="9.522" classname="TestScenarios.facebookAutomation"/>
</testsuite> <!-- TestScenarios.facebookAutomation -->
